{"/home/runner/work/lulas/lulas/src/CONFIGURATION.ts": {"path":"/home/runner/work/lulas/lulas/src/CONFIGURATION.ts","statementMap":{"0":{"start":{"line":1,"column":30},"end":{"line":1,"column":null}},"1":{"start":{"line":2,"column":25},"end":{"line":2,"column":null}},"2":{"start":{"line":3,"column":25},"end":{"line":3,"column":null}},"3":{"start":{"line":6,"column":37},"end":{"line":6,"column":null}},"4":{"start":{"line":9,"column":34},"end":{"line":9,"column":null}},"5":{"start":{"line":11,"column":42},"end":{"line":11,"column":null}},"6":{"start":{"line":12,"column":40},"end":{"line":12,"column":null}},"7":{"start":{"line":13,"column":42},"end":{"line":13,"column":null}},"8":{"start":{"line":16,"column":48},"end":{"line":16,"column":null}},"9":{"start":{"line":18,"column":48},"end":{"line":18,"column":null}}},"fnMap":{},"branchMap":{},"s":{"0":7,"1":7,"2":7,"3":7,"4":7,"5":7,"6":7,"7":7,"8":7,"9":7},"f":{},"b":{},"meta":{"lastBranch":0,"lastFunction":0,"lastStatement":10,"seen":{"s:1:30:1:Infinity":0,"s:2:25:2:Infinity":1,"s:3:25:3:Infinity":2,"s:6:37:6:Infinity":3,"s:9:34:9:Infinity":4,"s:11:42:11:Infinity":5,"s:12:40:12:Infinity":6,"s:13:42:13:Infinity":7,"s:16:48:16:Infinity":8,"s:18:48:18:Infinity":9},"fnNames":{}}}
,"/home/runner/work/lulas/lulas/src/cell.ts": {"path":"/home/runner/work/lulas/lulas/src/cell.ts","statementMap":{"0":{"start":{"line":18,"column":25},"end":{"line":18,"column":null}},"1":{"start":{"line":21,"column":13},"end":{"line":21,"column":null}},"2":{"start":{"line":24,"column":2},"end":{"line":24,"column":null}},"3":{"start":{"line":38,"column":2},"end":{"line":49,"column":null}},"4":{"start":{"line":53,"column":2},"end":{"line":53,"column":null}},"5":{"start":{"line":54,"column":2},"end":{"line":54,"column":null}},"6":{"start":{"line":58,"column":19},"end":{"line":58,"column":null}},"7":{"start":{"line":59,"column":2},"end":{"line":59,"column":null}},"8":{"start":{"line":63,"column":2},"end":{"line":63,"column":null}},"9":{"start":{"line":71,"column":23},"end":{"line":71,"column":null}},"10":{"start":{"line":72,"column":28},"end":{"line":72,"column":null}},"11":{"start":{"line":74,"column":2},"end":{"line":74,"column":null}},"12":{"start":{"line":76,"column":2},"end":{"line":78,"column":null}},"13":{"start":{"line":77,"column":4},"end":{"line":77,"column":null}},"14":{"start":{"line":79,"column":2},"end":{"line":81,"column":null}},"15":{"start":{"line":80,"column":4},"end":{"line":80,"column":null}},"16":{"start":{"line":83,"column":2},"end":{"line":85,"column":null}},"17":{"start":{"line":84,"column":4},"end":{"line":84,"column":null}},"18":{"start":{"line":86,"column":2},"end":{"line":88,"column":null}},"19":{"start":{"line":87,"column":4},"end":{"line":87,"column":null}},"20":{"start":{"line":96,"column":19},"end":{"line":96,"column":null}},"21":{"start":{"line":98,"column":2},"end":{"line":98,"column":null}},"22":{"start":{"line":99,"column":2},"end":{"line":99,"column":null}},"23":{"start":{"line":101,"column":2},"end":{"line":101,"column":null}},"24":{"start":{"line":102,"column":2},"end":{"line":102,"column":null}},"25":{"start":{"line":103,"column":2},"end":{"line":103,"column":null}},"26":{"start":{"line":105,"column":2},"end":{"line":107,"column":null}},"27":{"start":{"line":106,"column":4},"end":{"line":106,"column":null}},"28":{"start":{"line":110,"column":2},"end":{"line":110,"column":null}},"29":{"start":{"line":111,"column":2},"end":{"line":111,"column":null}},"30":{"start":{"line":114,"column":2},"end":{"line":114,"column":null}},"31":{"start":{"line":117,"column":2},"end":{"line":117,"column":null}},"32":{"start":{"line":118,"column":2},"end":{"line":118,"column":null}},"33":{"start":{"line":119,"column":2},"end":{"line":119,"column":null}},"34":{"start":{"line":121,"column":2},"end":{"line":121,"column":null}},"35":{"start":{"line":125,"column":2},"end":{"line":127,"column":null}}},"fnMap":{"0":{"name":"getNextId","decl":{"start":{"line":23,"column":9},"end":{"line":23,"column":21}},"loc":{"start":{"line":23,"column":21},"end":{"line":25,"column":null}},"line":23},"1":{"name":"createCell","decl":{"start":{"line":37,"column":16},"end":{"line":37,"column":27}},"loc":{"start":{"line":37,"column":58},"end":{"line":50,"column":null}},"line":37},"2":{"name":"applyForce","decl":{"start":{"line":52,"column":16},"end":{"line":52,"column":27}},"loc":{"start":{"line":52,"column":54},"end":{"line":55,"column":null}},"line":52},"3":{"name":"steer","decl":{"start":{"line":57,"column":16},"end":{"line":57,"column":22}},"loc":{"start":{"line":57,"column":53},"end":{"line":60,"column":null}},"line":57},"4":{"name":"cellDistance","decl":{"start":{"line":62,"column":16},"end":{"line":62,"column":29}},"loc":{"start":{"line":62,"column":54},"end":{"line":64,"column":null}},"line":62},"5":{"name":"renderCell","decl":{"start":{"line":66,"column":16},"end":{"line":66,"column":null}},"loc":{"start":{"line":70,"column":2},"end":{"line":89,"column":null}},"line":70},"6":{"name":"renderAt","decl":{"start":{"line":91,"column":9},"end":{"line":91,"column":null}},"loc":{"start":{"line":95,"column":2},"end":{"line":122,"column":null}},"line":95},"7":{"name":"logCell","decl":{"start":{"line":124,"column":16},"end":{"line":124,"column":24}},"loc":{"start":{"line":124,"column":36},"end":{"line":128,"column":null}},"line":124}},"branchMap":{"0":{"loc":{"start":{"line":46,"column":7},"end":{"line":46,"column":null}},"type":"cond-expr","locations":[{"start":{"line":46,"column":35},"end":{"line":46,"column":52}},{"start":{"line":46,"column":52},"end":{"line":46,"column":null}}],"line":46},"1":{"loc":{"start":{"line":46,"column":7},"end":{"line":46,"column":35}},"type":"binary-expr","locations":[{"start":{"line":46,"column":7},"end":{"line":46,"column":18}},{"start":{"line":46,"column":18},"end":{"line":46,"column":35}}],"line":46},"2":{"loc":{"start":{"line":76,"column":2},"end":{"line":78,"column":null}},"type":"if","locations":[{"start":{"line":76,"column":2},"end":{"line":78,"column":null}},{"start":{},"end":{}}],"line":76},"3":{"loc":{"start":{"line":79,"column":2},"end":{"line":81,"column":null}},"type":"if","locations":[{"start":{"line":79,"column":2},"end":{"line":81,"column":null}},{"start":{},"end":{}}],"line":79},"4":{"loc":{"start":{"line":83,"column":2},"end":{"line":85,"column":null}},"type":"if","locations":[{"start":{"line":83,"column":2},"end":{"line":85,"column":null}},{"start":{},"end":{}}],"line":83},"5":{"loc":{"start":{"line":86,"column":2},"end":{"line":88,"column":null}},"type":"if","locations":[{"start":{"line":86,"column":2},"end":{"line":88,"column":null}},{"start":{},"end":{}}],"line":86},"6":{"loc":{"start":{"line":94,"column":2},"end":{"line":94,"column":null}},"type":"default-arg","locations":[{"start":{"line":94,"column":8},"end":{"line":94,"column":null}}],"line":94},"7":{"loc":{"start":{"line":103,"column":47},"end":{"line":103,"column":66}},"type":"cond-expr","locations":[{"start":{"line":103,"column":58},"end":{"line":103,"column":64}},{"start":{"line":103,"column":64},"end":{"line":103,"column":66}}],"line":103},"8":{"loc":{"start":{"line":105,"column":2},"end":{"line":107,"column":null}},"type":"if","locations":[{"start":{"line":105,"column":2},"end":{"line":107,"column":null}},{"start":{},"end":{}}],"line":105}},"s":{"0":7,"1":7,"2":137,"3":137,"4":60,"5":60,"6":4,"7":4,"8":84,"9":1,"10":1,"11":1,"12":1,"13":1,"14":1,"15":0,"16":1,"17":1,"18":1,"19":0,"20":3,"21":3,"22":3,"23":3,"24":3,"25":3,"26":3,"27":0,"28":3,"29":3,"30":3,"31":3,"32":3,"33":3,"34":3,"35":0},"f":{"0":137,"1":137,"2":60,"3":4,"4":84,"5":1,"6":3,"7":0},"b":{"0":[2,135],"1":[137,85],"2":[1,0],"3":[0,1],"4":[1,0],"5":[0,1],"6":[3],"7":[0,3],"8":[0,3]},"meta":{"lastBranch":9,"lastFunction":8,"lastStatement":36,"seen":{"s:18:25:18:Infinity":0,"s:21:13:21:Infinity":1,"f:23:9:23:21":0,"s:24:2:24:Infinity":2,"f:37:16:37:27":1,"s:38:2:49:Infinity":3,"b:46:35:46:52:46:52:46:Infinity":0,"b:46:7:46:18:46:18:46:35":1,"f:52:16:52:27":2,"s:53:2:53:Infinity":4,"s:54:2:54:Infinity":5,"f:57:16:57:22":3,"s:58:19:58:Infinity":6,"s:59:2:59:Infinity":7,"f:62:16:62:29":4,"s:63:2:63:Infinity":8,"f:66:16:66:Infinity":5,"s:71:23:71:Infinity":9,"s:72:28:72:Infinity":10,"s:74:2:74:Infinity":11,"b:76:2:78:Infinity:undefined:undefined:undefined:undefined":2,"s:76:2:78:Infinity":12,"s:77:4:77:Infinity":13,"b:79:2:81:Infinity:undefined:undefined:undefined:undefined":3,"s:79:2:81:Infinity":14,"s:80:4:80:Infinity":15,"b:83:2:85:Infinity:undefined:undefined:undefined:undefined":4,"s:83:2:85:Infinity":16,"s:84:4:84:Infinity":17,"b:86:2:88:Infinity:undefined:undefined:undefined:undefined":5,"s:86:2:88:Infinity":18,"s:87:4:87:Infinity":19,"f:91:9:91:Infinity":6,"b:94:8:94:Infinity":6,"s:96:19:96:Infinity":20,"s:98:2:98:Infinity":21,"s:99:2:99:Infinity":22,"s:101:2:101:Infinity":23,"s:102:2:102:Infinity":24,"s:103:2:103:Infinity":25,"b:103:58:103:64:103:64:103:66":7,"b:105:2:107:Infinity:undefined:undefined:undefined:undefined":8,"s:105:2:107:Infinity":26,"s:106:4:106:Infinity":27,"s:110:2:110:Infinity":28,"s:111:2:111:Infinity":29,"s:114:2:114:Infinity":30,"s:117:2:117:Infinity":31,"s:118:2:118:Infinity":32,"s:119:2:119:Infinity":33,"s:121:2:121:Infinity":34,"f:124:16:124:24":7,"s:125:2:127:Infinity":35},"fnNames":{}}}
,"/home/runner/work/lulas/lulas/src/color.ts": {"path":"/home/runner/work/lulas/lulas/src/color.ts","statementMap":{"0":{"start":{"line":6,"column":2},"end":{"line":11,"column":null}},"1":{"start":{"line":15,"column":15},"end":{"line":15,"column":null}},"2":{"start":{"line":16,"column":2},"end":{"line":16,"column":null}},"3":{"start":{"line":17,"column":2},"end":{"line":17,"column":null}},"4":{"start":{"line":18,"column":2},"end":{"line":18,"column":null}},"5":{"start":{"line":20,"column":2},"end":{"line":20,"column":null}},"6":{"start":{"line":24,"column":16},"end":{"line":24,"column":null}},"7":{"start":{"line":26,"column":2},"end":{"line":28,"column":null}},"8":{"start":{"line":27,"column":4},"end":{"line":27,"column":null}},"9":{"start":{"line":30,"column":26},"end":{"line":30,"column":null}},"10":{"start":{"line":32,"column":2},"end":{"line":37,"column":null}},"11":{"start":{"line":41,"column":12},"end":{"line":41,"column":null}},"12":{"start":{"line":42,"column":2},"end":{"line":42,"column":null}},"13":{"start":{"line":46,"column":17},"end":{"line":46,"column":null}},"14":{"start":{"line":47,"column":2},"end":{"line":47,"column":null}}},"fnMap":{"0":{"name":"randomColor","decl":{"start":{"line":5,"column":16},"end":{"line":5,"column":30}},"loc":{"start":{"line":5,"column":30},"end":{"line":12,"column":null}},"line":5},"1":{"name":"lowerColor","decl":{"start":{"line":14,"column":16},"end":{"line":14,"column":27}},"loc":{"start":{"line":14,"column":58},"end":{"line":21,"column":null}},"line":14},"2":{"name":"toRGBA","decl":{"start":{"line":23,"column":9},"end":{"line":23,"column":16}},"loc":{"start":{"line":23,"column":36},"end":{"line":38,"column":null}},"line":23},"3":{"name":"toString","decl":{"start":{"line":40,"column":9},"end":{"line":40,"column":18}},"loc":{"start":{"line":40,"column":54},"end":{"line":43,"column":null}},"line":40},"4":{"name":"toHex","decl":{"start":{"line":45,"column":9},"end":{"line":45,"column":15}},"loc":{"start":{"line":45,"column":28},"end":{"line":48,"column":null}},"line":45}},"branchMap":{"0":{"loc":{"start":{"line":26,"column":2},"end":{"line":28,"column":null}},"type":"if","locations":[{"start":{"line":26,"column":2},"end":{"line":28,"column":null}},{"start":{},"end":{}}],"line":26},"1":{"loc":{"start":{"line":36,"column":7},"end":{"line":36,"column":null}},"type":"cond-expr","locations":[{"start":{"line":36,"column":11},"end":{"line":36,"column":35}},{"start":{"line":36,"column":35},"end":{"line":36,"column":null}}],"line":36},"2":{"loc":{"start":{"line":47,"column":9},"end":{"line":47,"column":null}},"type":"cond-expr","locations":[{"start":{"line":47,"column":31},"end":{"line":47,"column":46}},{"start":{"line":47,"column":46},"end":{"line":47,"column":null}}],"line":47}},"s":{"0":0,"1":6,"2":6,"3":6,"4":6,"5":6,"6":6,"7":6,"8":0,"9":6,"10":6,"11":6,"12":6,"13":24,"14":24},"f":{"0":0,"1":6,"2":6,"3":6,"4":24},"b":{"0":[0,6],"1":[0,6],"2":[6,18]},"meta":{"lastBranch":3,"lastFunction":5,"lastStatement":15,"seen":{"f:5:16:5:30":0,"s:6:2:11:Infinity":0,"f:14:16:14:27":1,"s:15:15:15:Infinity":1,"s:16:2:16:Infinity":2,"s:17:2:17:Infinity":3,"s:18:2:18:Infinity":4,"s:20:2:20:Infinity":5,"f:23:9:23:16":2,"s:24:16:24:Infinity":6,"b:26:2:28:Infinity:undefined:undefined:undefined:undefined":0,"s:26:2:28:Infinity":7,"s:27:4:27:Infinity":8,"s:30:26:30:Infinity":9,"s:32:2:37:Infinity":10,"b:36:11:36:35:36:35:36:Infinity":1,"f:40:9:40:18":3,"s:41:12:41:Infinity":11,"s:42:2:42:Infinity":12,"f:45:9:45:15":4,"s:46:17:46:Infinity":13,"s:47:2:47:Infinity":14,"b:47:31:47:46:47:46:47:Infinity":2},"fnNames":{}}}
,"/home/runner/work/lulas/lulas/src/lulas.ts": {"path":"/home/runner/work/lulas/lulas/src/lulas.ts","statementMap":{"0":{"start":{"line":24,"column":23},"end":{"line":27,"column":null}},"1":{"start":{"line":29,"column":18},"end":{"line":29,"column":null}},"2":{"start":{"line":30,"column":30},"end":{"line":30,"column":null}},"3":{"start":{"line":32,"column":2},"end":{"line":49,"column":null}},"4":{"start":{"line":34,"column":6},"end":{"line":34,"column":null}},"5":{"start":{"line":37,"column":6},"end":{"line":41,"column":null}},"6":{"start":{"line":38,"column":21},"end":{"line":38,"column":null}},"7":{"start":{"line":39,"column":8},"end":{"line":39,"column":null}},"8":{"start":{"line":39,"column":33},"end":{"line":39,"column":47}},"9":{"start":{"line":40,"column":8},"end":{"line":40,"column":null}},"10":{"start":{"line":44,"column":6},"end":{"line":44,"column":null}},"11":{"start":{"line":45,"column":6},"end":{"line":45,"column":null}},"12":{"start":{"line":46,"column":6},"end":{"line":46,"column":null}},"13":{"start":{"line":47,"column":6},"end":{"line":47,"column":null}},"14":{"start":{"line":54,"column":4},"end":{"line":56,"column":null}},"15":{"start":{"line":55,"column":13},"end":{"line":55,"column":null}}},"fnMap":{"0":{"name":"lulas","decl":{"start":{"line":18,"column":16},"end":{"line":18,"column":22}},"loc":{"start":{"line":23,"column":16},"end":{"line":58,"column":null}},"line":23},"1":{"name":"cells","decl":{"start":{"line":33,"column":8},"end":{"line":33,"column":16}},"loc":{"start":{"line":33,"column":16},"end":{"line":35,"column":null}},"line":33},"2":{"name":"step","decl":{"start":{"line":36,"column":4},"end":{"line":36,"column":11}},"loc":{"start":{"line":36,"column":11},"end":{"line":42,"column":null}},"line":36},"3":{"name":"(anonymous_3)","decl":{"start":{"line":37,"column":20},"end":{"line":37,"column":25}},"loc":{"start":{"line":37,"column":31},"end":{"line":41,"column":7}},"line":37},"4":{"name":"(anonymous_4)","decl":{"start":{"line":39,"column":18},"end":{"line":39,"column":27}},"loc":{"start":{"line":39,"column":33},"end":{"line":39,"column":47}},"line":39},"5":{"name":"render","decl":{"start":{"line":43,"column":4},"end":{"line":43,"column":13}},"loc":{"start":{"line":43,"column":13},"end":{"line":48,"column":null}},"line":43},"6":{"name":"look","decl":{"start":{"line":51,"column":11},"end":{"line":51,"column":16}},"loc":{"start":{"line":51,"column":54},"end":{"line":57,"column":null}},"line":51},"7":{"name":"(anonymous_7)","decl":{"start":{"line":54,"column":17},"end":{"line":54,"column":null}},"loc":{"start":{"line":55,"column":13},"end":{"line":55,"column":null}},"line":55}},"branchMap":{"0":{"loc":{"start":{"line":22,"column":2},"end":{"line":22,"column":null}},"type":"default-arg","locations":[{"start":{"line":22,"column":14},"end":{"line":22,"column":null}}],"line":22},"1":{"loc":{"start":{"line":55,"column":13},"end":{"line":55,"column":null}},"type":"binary-expr","locations":[{"start":{"line":55,"column":13},"end":{"line":55,"column":35}},{"start":{"line":55,"column":35},"end":{"line":55,"column":null}}],"line":55}},"s":{"0":51,"1":51,"2":51,"3":51,"4":36,"5":50,"6":82,"7":82,"8":82,"9":82,"10":1,"11":1,"12":1,"13":1,"14":64,"15":128},"f":{"0":51,"1":36,"2":50,"3":82,"4":82,"5":1,"6":64,"7":128},"b":{"0":[51],"1":[128,64]},"meta":{"lastBranch":2,"lastFunction":8,"lastStatement":16,"seen":{"f:18:16:18:22":0,"b:22:14:22:Infinity":0,"s:24:23:27:Infinity":0,"s:29:18:29:Infinity":1,"s:30:30:30:Infinity":2,"s:32:2:49:Infinity":3,"f:33:8:33:16":1,"s:34:6:34:Infinity":4,"f:36:4:36:11":2,"s:37:6:41:Infinity":5,"f:37:20:37:25":3,"s:38:21:38:Infinity":6,"s:39:8:39:Infinity":7,"f:39:18:39:27":4,"s:39:33:39:47":8,"s:40:8:40:Infinity":9,"f:43:4:43:13":5,"s:44:6:44:Infinity":10,"s:45:6:45:Infinity":11,"s:46:6:46:Infinity":12,"s:47:6:47:Infinity":13,"f:51:11:51:16":6,"s:54:4:56:Infinity":14,"f:54:17:54:Infinity":7,"s:55:13:55:Infinity":15,"b:55:13:55:35:55:35:55:Infinity":1},"fnNames":{}}}
,"/home/runner/work/lulas/lulas/src/math.ts": {"path":"/home/runner/work/lulas/lulas/src/math.ts","statementMap":{},"fnMap":{},"branchMap":{},"s":{},"f":{},"b":{},"meta":{"lastBranch":0,"lastFunction":0,"lastStatement":0,"seen":{},"fnNames":{}}}
,"/home/runner/work/lulas/lulas/src/vector.ts": {"path":"/home/runner/work/lulas/lulas/src/vector.ts","statementMap":{"0":{"start":{"line":7,"column":2},"end":{"line":7,"column":null}},"1":{"start":{"line":11,"column":2},"end":{"line":11,"column":null}},"2":{"start":{"line":15,"column":2},"end":{"line":15,"column":null}},"3":{"start":{"line":19,"column":2},"end":{"line":21,"column":null}},"4":{"start":{"line":20,"column":4},"end":{"line":20,"column":null}},"5":{"start":{"line":23,"column":14},"end":{"line":23,"column":null}},"6":{"start":{"line":24,"column":2},"end":{"line":24,"column":null}},"7":{"start":{"line":24,"column":31},"end":{"line":24,"column":67}},"8":{"start":{"line":28,"column":2},"end":{"line":28,"column":null}},"9":{"start":{"line":32,"column":2},"end":{"line":32,"column":null}},"10":{"start":{"line":36,"column":14},"end":{"line":36,"column":null}},"11":{"start":{"line":37,"column":2},"end":{"line":37,"column":null}},"12":{"start":{"line":41,"column":2},"end":{"line":41,"column":null}},"13":{"start":{"line":41,"column":30},"end":{"line":41,"column":54}},"14":{"start":{"line":45,"column":2},"end":{"line":47,"column":null}},"15":{"start":{"line":46,"column":4},"end":{"line":46,"column":null}},"16":{"start":{"line":46,"column":23},"end":{"line":46,"column":30}},"17":{"start":{"line":46,"column":49},"end":{"line":46,"column":54}},"18":{"start":{"line":51,"column":2},"end":{"line":51,"column":null}},"19":{"start":{"line":51,"column":30},"end":{"line":51,"column":54}},"20":{"start":{"line":55,"column":2},"end":{"line":55,"column":null}},"21":{"start":{"line":55,"column":30},"end":{"line":55,"column":49}},"22":{"start":{"line":63,"column":12},"end":{"line":63,"column":null}},"23":{"start":{"line":64,"column":12},"end":{"line":64,"column":null}},"24":{"start":{"line":66,"column":2},"end":{"line":68,"column":null}},"25":{"start":{"line":67,"column":4},"end":{"line":67,"column":null}},"26":{"start":{"line":72,"column":2},"end":{"line":72,"column":null}}},"fnMap":{"0":{"name":"vector","decl":{"start":{"line":6,"column":16},"end":{"line":6,"column":23}},"loc":{"start":{"line":6,"column":49},"end":{"line":8,"column":null}},"line":6},"1":{"name":"isZero","decl":{"start":{"line":10,"column":16},"end":{"line":10,"column":23}},"loc":{"start":{"line":10,"column":41},"end":{"line":12,"column":null}},"line":10},"2":{"name":"magnitude","decl":{"start":{"line":14,"column":16},"end":{"line":14,"column":26}},"loc":{"start":{"line":14,"column":44},"end":{"line":16,"column":null}},"line":14},"3":{"name":"normalize","decl":{"start":{"line":18,"column":16},"end":{"line":18,"column":26}},"loc":{"start":{"line":18,"column":62},"end":{"line":25,"column":null}},"line":18},"4":{"name":"(anonymous_4)","decl":{"start":{"line":24,"column":9},"end":{"line":24,"column":21}},"loc":{"start":{"line":24,"column":31},"end":{"line":24,"column":67}},"line":24},"5":{"name":"radians","decl":{"start":{"line":27,"column":16},"end":{"line":27,"column":24}},"loc":{"start":{"line":27,"column":42},"end":{"line":29,"column":null}},"line":27},"6":{"name":"getAngle","decl":{"start":{"line":31,"column":16},"end":{"line":31,"column":25}},"loc":{"start":{"line":31,"column":41},"end":{"line":33,"column":null}},"line":31},"7":{"name":"limitVector","decl":{"start":{"line":35,"column":16},"end":{"line":35,"column":28}},"loc":{"start":{"line":35,"column":58},"end":{"line":38,"column":null}},"line":35},"8":{"name":"sumVectors","decl":{"start":{"line":40,"column":16},"end":{"line":40,"column":27}},"loc":{"start":{"line":40,"column":64},"end":{"line":42,"column":null}},"line":40},"9":{"name":"(anonymous_9)","decl":{"start":{"line":41,"column":9},"end":{"line":41,"column":21}},"loc":{"start":{"line":41,"column":30},"end":{"line":41,"column":54}},"line":41},"10":{"name":"sumVectorList","decl":{"start":{"line":44,"column":16},"end":{"line":44,"column":30}},"loc":{"start":{"line":44,"column":57},"end":{"line":48,"column":null}},"line":44},"11":{"name":"(anonymous_11)","decl":{"start":{"line":45,"column":9},"end":{"line":45,"column":21}},"loc":{"start":{"line":46,"column":4},"end":{"line":46,"column":null}},"line":46},"12":{"name":"(anonymous_12)","decl":{"start":{"line":46,"column":12},"end":{"line":46,"column":17}},"loc":{"start":{"line":46,"column":23},"end":{"line":46,"column":30}},"line":46},"13":{"name":"(anonymous_13)","decl":{"start":{"line":46,"column":32},"end":{"line":46,"column":40}},"loc":{"start":{"line":46,"column":49},"end":{"line":46,"column":54}},"line":46},"14":{"name":"subtractVectors","decl":{"start":{"line":50,"column":16},"end":{"line":50,"column":32}},"loc":{"start":{"line":50,"column":61},"end":{"line":52,"column":null}},"line":50},"15":{"name":"(anonymous_15)","decl":{"start":{"line":51,"column":9},"end":{"line":51,"column":21}},"loc":{"start":{"line":51,"column":30},"end":{"line":51,"column":54}},"line":51},"16":{"name":"multiplyVectors","decl":{"start":{"line":54,"column":16},"end":{"line":54,"column":32}},"loc":{"start":{"line":54,"column":62},"end":{"line":56,"column":null}},"line":54},"17":{"name":"(anonymous_17)","decl":{"start":{"line":55,"column":9},"end":{"line":55,"column":21}},"loc":{"start":{"line":55,"column":30},"end":{"line":55,"column":49}},"line":55},"18":{"name":"vectorAxis","decl":{"start":{"line":60,"column":16},"end":{"line":60,"column":null}},"loc":{"start":{"line":62,"column":17},"end":{"line":69,"column":null}},"line":62},"19":{"name":"logVector","decl":{"start":{"line":71,"column":16},"end":{"line":71,"column":26}},"loc":{"start":{"line":71,"column":41},"end":{"line":73,"column":null}},"line":71}},"branchMap":{"0":{"loc":{"start":{"line":6,"column":34},"end":{"line":6,"column":49}},"type":"default-arg","locations":[{"start":{"line":6,"column":38},"end":{"line":6,"column":49}}],"line":6},"1":{"loc":{"start":{"line":11,"column":9},"end":{"line":11,"column":null}},"type":"binary-expr","locations":[{"start":{"line":11,"column":9},"end":{"line":11,"column":20}},{"start":{"line":11,"column":20},"end":{"line":11,"column":null}}],"line":11},"2":{"loc":{"start":{"line":18,"column":41},"end":{"line":18,"column":62}},"type":"default-arg","locations":[{"start":{"line":18,"column":59},"end":{"line":18,"column":62}}],"line":18},"3":{"loc":{"start":{"line":19,"column":2},"end":{"line":21,"column":null}},"type":"if","locations":[{"start":{"line":19,"column":2},"end":{"line":21,"column":null}},{"start":{},"end":{}}],"line":19},"4":{"loc":{"start":{"line":37,"column":9},"end":{"line":37,"column":null}},"type":"cond-expr","locations":[{"start":{"line":37,"column":23},"end":{"line":37,"column":49}},{"start":{"line":37,"column":49},"end":{"line":37,"column":null}}],"line":37},"5":{"loc":{"start":{"line":66,"column":2},"end":{"line":68,"column":null}},"type":"if","locations":[{"start":{"line":66,"column":2},"end":{"line":68,"column":null}},{"start":{},"end":{}}],"line":66},"6":{"loc":{"start":{"line":66,"column":6},"end":{"line":66,"column":54}},"type":"binary-expr","locations":[{"start":{"line":66,"column":6},"end":{"line":66,"column":31}},{"start":{"line":66,"column":31},"end":{"line":66,"column":54}}],"line":66}},"s":{"0":637,"1":104,"2":158,"3":76,"4":6,"5":70,"6":70,"7":140,"8":79,"9":76,"10":4,"11":4,"12":64,"13":128,"14":0,"15":0,"16":0,"17":0,"18":164,"19":328,"20":128,"21":256,"22":447,"23":447,"24":447,"25":426,"26":0},"f":{"0":637,"1":104,"2":158,"3":76,"4":140,"5":79,"6":76,"7":4,"8":64,"9":128,"10":0,"11":0,"12":0,"13":0,"14":164,"15":328,"16":128,"17":256,"18":447,"19":0},"b":{"0":[637],"1":[104,25],"2":[76],"3":[6,70],"4":[4,0],"5":[426,21],"6":[447,426]},"meta":{"lastBranch":7,"lastFunction":20,"lastStatement":27,"seen":{"f:6:16:6:23":0,"b:6:38:6:49":0,"s:7:2:7:Infinity":0,"f:10:16:10:23":1,"s:11:2:11:Infinity":1,"b:11:9:11:20:11:20:11:Infinity":1,"f:14:16:14:26":2,"s:15:2:15:Infinity":2,"f:18:16:18:26":3,"b:18:59:18:62":2,"b:19:2:21:Infinity:undefined:undefined:undefined:undefined":3,"s:19:2:21:Infinity":3,"s:20:4:20:Infinity":4,"s:23:14:23:Infinity":5,"s:24:2:24:Infinity":6,"f:24:9:24:21":4,"s:24:31:24:67":7,"f:27:16:27:24":5,"s:28:2:28:Infinity":8,"f:31:16:31:25":6,"s:32:2:32:Infinity":9,"f:35:16:35:28":7,"s:36:14:36:Infinity":10,"s:37:2:37:Infinity":11,"b:37:23:37:49:37:49:37:Infinity":4,"f:40:16:40:27":8,"s:41:2:41:Infinity":12,"f:41:9:41:21":9,"s:41:30:41:54":13,"f:44:16:44:30":10,"s:45:2:47:Infinity":14,"f:45:9:45:21":11,"s:46:4:46:Infinity":15,"f:46:12:46:17":12,"s:46:23:46:30":16,"f:46:32:46:40":13,"s:46:49:46:54":17,"f:50:16:50:32":14,"s:51:2:51:Infinity":18,"f:51:9:51:21":15,"s:51:30:51:54":19,"f:54:16:54:32":16,"s:55:2:55:Infinity":20,"f:55:9:55:21":17,"s:55:30:55:49":21,"f:60:16:60:Infinity":18,"s:63:12:63:Infinity":22,"s:64:12:64:Infinity":23,"b:66:2:68:Infinity:undefined:undefined:undefined:undefined":5,"s:66:2:68:Infinity":24,"b:66:6:66:31:66:31:66:54":6,"s:67:4:67:Infinity":25,"f:71:16:71:26":19,"s:72:2:72:Infinity":26},"fnNames":{}}}
,"/home/runner/work/lulas/lulas/src/behaviors/attractor.ts": {"path":"/home/runner/work/lulas/lulas/src/behaviors/attractor.ts","statementMap":{"0":{"start":{"line":6,"column":2},"end":{"line":6,"column":null}},"1":{"start":{"line":6,"column":25},"end":{"line":6,"column":null}}},"fnMap":{"0":{"name":"attractor","decl":{"start":{"line":5,"column":16},"end":{"line":5,"column":26}},"loc":{"start":{"line":5,"column":54},"end":{"line":7,"column":null}},"line":5},"1":{"name":"(anonymous_1)","decl":{"start":{"line":6,"column":2},"end":{"line":6,"column":10}},"loc":{"start":{"line":6,"column":25},"end":{"line":6,"column":null}},"line":6}},"branchMap":{},"s":{"0":4,"1":4},"f":{"0":4,"1":4},"b":{},"meta":{"lastBranch":0,"lastFunction":2,"lastStatement":2,"seen":{"f:5:16:5:26":0,"s:6:2:6:Infinity":0,"f:6:2:6:10":1,"s:6:25:6:Infinity":1},"fnNames":{}}}
,"/home/runner/work/lulas/lulas/src/behaviors/bounceOnCorners.ts": {"path":"/home/runner/work/lulas/lulas/src/behaviors/bounceOnCorners.ts","statementMap":{"0":{"start":{"line":5,"column":2},"end":{"line":8,"column":null}},"1":{"start":{"line":6,"column":4},"end":{"line":6,"column":null}},"2":{"start":{"line":7,"column":4},"end":{"line":7,"column":null}},"3":{"start":{"line":10,"column":2},"end":{"line":13,"column":null}},"4":{"start":{"line":11,"column":4},"end":{"line":11,"column":null}},"5":{"start":{"line":12,"column":4},"end":{"line":12,"column":null}},"6":{"start":{"line":15,"column":2},"end":{"line":18,"column":null}},"7":{"start":{"line":16,"column":4},"end":{"line":16,"column":null}},"8":{"start":{"line":17,"column":4},"end":{"line":17,"column":null}},"9":{"start":{"line":20,"column":2},"end":{"line":23,"column":null}},"10":{"start":{"line":21,"column":4},"end":{"line":21,"column":null}},"11":{"start":{"line":22,"column":4},"end":{"line":22,"column":null}}},"fnMap":{"0":{"name":"bounceOnCorners","decl":{"start":{"line":4,"column":16},"end":{"line":4,"column":32}},"loc":{"start":{"line":4,"column":61},"end":{"line":24,"column":null}},"line":4}},"branchMap":{"0":{"loc":{"start":{"line":5,"column":2},"end":{"line":8,"column":null}},"type":"if","locations":[{"start":{"line":5,"column":2},"end":{"line":8,"column":null}},{"start":{},"end":{}}],"line":5},"1":{"loc":{"start":{"line":10,"column":2},"end":{"line":13,"column":null}},"type":"if","locations":[{"start":{"line":10,"column":2},"end":{"line":13,"column":null}},{"start":{},"end":{}}],"line":10},"2":{"loc":{"start":{"line":15,"column":2},"end":{"line":18,"column":null}},"type":"if","locations":[{"start":{"line":15,"column":2},"end":{"line":18,"column":null}},{"start":{},"end":{}}],"line":15},"3":{"loc":{"start":{"line":20,"column":2},"end":{"line":23,"column":null}},"type":"if","locations":[{"start":{"line":20,"column":2},"end":{"line":23,"column":null}},{"start":{},"end":{}}],"line":20}},"s":{"0":4,"1":2,"2":2,"3":4,"4":2,"5":2,"6":4,"7":2,"8":2,"9":4,"10":2,"11":2},"f":{"0":4},"b":{"0":[2,2],"1":[2,2],"2":[2,2],"3":[2,2]},"meta":{"lastBranch":4,"lastFunction":1,"lastStatement":12,"seen":{"f:4:16:4:32":0,"b:5:2:8:Infinity:undefined:undefined:undefined:undefined":0,"s:5:2:8:Infinity":0,"s:6:4:6:Infinity":1,"s:7:4:7:Infinity":2,"b:10:2:13:Infinity:undefined:undefined:undefined:undefined":1,"s:10:2:13:Infinity":3,"s:11:4:11:Infinity":4,"s:12:4:12:Infinity":5,"b:15:2:18:Infinity:undefined:undefined:undefined:undefined":2,"s:15:2:18:Infinity":6,"s:16:4:16:Infinity":7,"s:17:4:17:Infinity":8,"b:20:2:23:Infinity:undefined:undefined:undefined:undefined":3,"s:20:2:23:Infinity":9,"s:21:4:21:Infinity":10,"s:22:4:22:Infinity":11},"fnNames":{}}}
,"/home/runner/work/lulas/lulas/src/behaviors/flocking.ts": {"path":"/home/runner/work/lulas/lulas/src/behaviors/flocking.ts","statementMap":{"0":{"start":{"line":20,"column":24},"end":{"line":20,"column":null}},"1":{"start":{"line":21,"column":34},"end":{"line":21,"column":null}},"2":{"start":{"line":22,"column":32},"end":{"line":22,"column":null}},"3":{"start":{"line":23,"column":34},"end":{"line":23,"column":null}},"4":{"start":{"line":26,"column":2},"end":{"line":30,"column":null}},"5":{"start":{"line":34,"column":14},"end":{"line":34,"column":null}},"6":{"start":{"line":34,"column":35},"end":{"line":34,"column":45}},"7":{"start":{"line":35,"column":18},"end":{"line":35,"column":null}},"8":{"start":{"line":36,"column":19},"end":{"line":36,"column":null}},"9":{"start":{"line":37,"column":2},"end":{"line":37,"column":null}},"10":{"start":{"line":41,"column":14},"end":{"line":41,"column":null}},"11":{"start":{"line":41,"column":35},"end":{"line":41,"column":45}},"12":{"start":{"line":42,"column":18},"end":{"line":42,"column":null}},"13":{"start":{"line":43,"column":19},"end":{"line":43,"column":null}},"14":{"start":{"line":44,"column":2},"end":{"line":44,"column":null}},"15":{"start":{"line":48,"column":16},"end":{"line":48,"column":null}},"16":{"start":{"line":49,"column":17},"end":{"line":49,"column":null}},"17":{"start":{"line":49,"column":41},"end":{"line":49,"column":70}},"18":{"start":{"line":51,"column":2},"end":{"line":53,"column":null}},"19":{"start":{"line":52,"column":4},"end":{"line":52,"column":null}},"20":{"start":{"line":55,"column":14},"end":{"line":55,"column":null}},"21":{"start":{"line":55,"column":32},"end":{"line":55,"column":42}},"22":{"start":{"line":56,"column":18},"end":{"line":56,"column":null}},"23":{"start":{"line":57,"column":19},"end":{"line":57,"column":null}},"24":{"start":{"line":58,"column":2},"end":{"line":58,"column":null}},"25":{"start":{"line":64,"column":2},"end":{"line":73,"column":null}},"26":{"start":{"line":65,"column":22},"end":{"line":65,"column":null}},"27":{"start":{"line":67,"column":4},"end":{"line":69,"column":null}},"28":{"start":{"line":68,"column":6},"end":{"line":68,"column":null}},"29":{"start":{"line":71,"column":18},"end":{"line":71,"column":null}},"30":{"start":{"line":72,"column":4},"end":{"line":72,"column":null}}},"fnMap":{"0":{"name":"flockingCore","decl":{"start":{"line":25,"column":9},"end":{"line":25,"column":22}},"loc":{"start":{"line":25,"column":53},"end":{"line":31,"column":null}},"line":25},"1":{"name":"alignement","decl":{"start":{"line":33,"column":9},"end":{"line":33,"column":20}},"loc":{"start":{"line":33,"column":51},"end":{"line":38,"column":null}},"line":33},"2":{"name":"(anonymous_2)","decl":{"start":{"line":34,"column":24},"end":{"line":34,"column":29}},"loc":{"start":{"line":34,"column":35},"end":{"line":34,"column":45}},"line":34},"3":{"name":"cohesion","decl":{"start":{"line":40,"column":9},"end":{"line":40,"column":18}},"loc":{"start":{"line":40,"column":49},"end":{"line":45,"column":null}},"line":40},"4":{"name":"(anonymous_4)","decl":{"start":{"line":41,"column":24},"end":{"line":41,"column":29}},"loc":{"start":{"line":41,"column":35},"end":{"line":41,"column":45}},"line":41},"5":{"name":"separation","decl":{"start":{"line":47,"column":9},"end":{"line":47,"column":20}},"loc":{"start":{"line":47,"column":51},"end":{"line":59,"column":null}},"line":47},"6":{"name":"(anonymous_6)","decl":{"start":{"line":49,"column":27},"end":{"line":49,"column":35}},"loc":{"start":{"line":49,"column":41},"end":{"line":49,"column":70}},"line":49},"7":{"name":"(anonymous_7)","decl":{"start":{"line":55,"column":21},"end":{"line":55,"column":26}},"loc":{"start":{"line":55,"column":32},"end":{"line":55,"column":42}},"line":55},"8":{"name":"requireNeighbors","decl":{"start":{"line":61,"column":9},"end":{"line":61,"column":null}},"loc":{"start":{"line":63,"column":12},"end":{"line":74,"column":null}},"line":63},"9":{"name":"(anonymous_9)","decl":{"start":{"line":64,"column":2},"end":{"line":64,"column":10}},"loc":{"start":{"line":64,"column":42},"end":{"line":73,"column":null}},"line":64}},"branchMap":{"0":{"loc":{"start":{"line":51,"column":2},"end":{"line":53,"column":null}},"type":"if","locations":[{"start":{"line":51,"column":2},"end":{"line":53,"column":null}},{"start":{},"end":{}}],"line":51},"1":{"loc":{"start":{"line":67,"column":4},"end":{"line":69,"column":null}},"type":"if","locations":[{"start":{"line":67,"column":4},"end":{"line":69,"column":null}},{"start":{},"end":{}}],"line":67}},"s":{"0":1,"1":1,"2":1,"3":1,"4":0,"5":12,"6":12,"7":12,"8":12,"9":12,"10":8,"11":8,"12":8,"13":8,"14":8,"15":8,"16":8,"17":8,"18":8,"19":0,"20":8,"21":8,"22":8,"23":8,"24":8,"25":4,"26":28,"27":28,"28":0,"29":28,"30":28},"f":{"0":0,"1":12,"2":12,"3":8,"4":8,"5":8,"6":8,"7":8,"8":4,"9":28},"b":{"0":[0,8],"1":[0,28]},"meta":{"lastBranch":2,"lastFunction":10,"lastStatement":31,"seen":{"s:20:24:20:Infinity":0,"s:21:34:21:Infinity":1,"s:22:32:22:Infinity":2,"s:23:34:23:Infinity":3,"f:25:9:25:22":0,"s:26:2:30:Infinity":4,"f:33:9:33:20":1,"s:34:14:34:Infinity":5,"f:34:24:34:29":2,"s:34:35:34:45":6,"s:35:18:35:Infinity":7,"s:36:19:36:Infinity":8,"s:37:2:37:Infinity":9,"f:40:9:40:18":3,"s:41:14:41:Infinity":10,"f:41:24:41:29":4,"s:41:35:41:45":11,"s:42:18:42:Infinity":12,"s:43:19:43:Infinity":13,"s:44:2:44:Infinity":14,"f:47:9:47:20":5,"s:48:16:48:Infinity":15,"s:49:17:49:Infinity":16,"f:49:27:49:35":6,"s:49:41:49:70":17,"b:51:2:53:Infinity:undefined:undefined:undefined:undefined":0,"s:51:2:53:Infinity":18,"s:52:4:52:Infinity":19,"s:55:14:55:Infinity":20,"f:55:21:55:26":7,"s:55:32:55:42":21,"s:56:18:56:Infinity":22,"s:57:19:57:Infinity":23,"s:58:2:58:Infinity":24,"f:61:9:61:Infinity":8,"s:64:2:73:Infinity":25,"f:64:2:64:10":9,"s:65:22:65:Infinity":26,"b:67:4:69:Infinity:undefined:undefined:undefined:undefined":1,"s:67:4:69:Infinity":27,"s:68:6:68:Infinity":28,"s:71:18:71:Infinity":29,"s:72:4:72:Infinity":30},"fnNames":{}}}
,"/home/runner/work/lulas/lulas/src/behaviors/flocking2.ts": {"path":"/home/runner/work/lulas/lulas/src/behaviors/flocking2.ts","statementMap":{"0":{"start":{"line":23,"column":24},"end":{"line":23,"column":null}},"1":{"start":{"line":24,"column":34},"end":{"line":24,"column":null}},"2":{"start":{"line":25,"column":32},"end":{"line":25,"column":null}},"3":{"start":{"line":26,"column":34},"end":{"line":26,"column":null}},"4":{"start":{"line":29,"column":2},"end":{"line":33,"column":null}},"5":{"start":{"line":37,"column":14},"end":{"line":40,"column":null}},"6":{"start":{"line":38,"column":16},"end":{"line":38,"column":null}},"7":{"start":{"line":42,"column":18},"end":{"line":42,"column":null}},"8":{"start":{"line":43,"column":18},"end":{"line":43,"column":null}},"9":{"start":{"line":44,"column":19},"end":{"line":44,"column":null}},"10":{"start":{"line":45,"column":2},"end":{"line":45,"column":null}},"11":{"start":{"line":49,"column":14},"end":{"line":52,"column":null}},"12":{"start":{"line":50,"column":16},"end":{"line":50,"column":null}},"13":{"start":{"line":54,"column":18},"end":{"line":54,"column":null}},"14":{"start":{"line":55,"column":18},"end":{"line":55,"column":null}},"15":{"start":{"line":56,"column":19},"end":{"line":56,"column":null}},"16":{"start":{"line":57,"column":2},"end":{"line":57,"column":null}},"17":{"start":{"line":61,"column":16},"end":{"line":61,"column":null}},"18":{"start":{"line":62,"column":14},"end":{"line":62,"column":null}},"19":{"start":{"line":64,"column":14},"end":{"line":77,"column":null}},"20":{"start":{"line":65,"column":21},"end":{"line":65,"column":null}},"21":{"start":{"line":66,"column":27},"end":{"line":66,"column":null}},"22":{"start":{"line":68,"column":4},"end":{"line":70,"column":null}},"23":{"start":{"line":69,"column":6},"end":{"line":69,"column":null}},"24":{"start":{"line":72,"column":4},"end":{"line":72,"column":null}},"25":{"start":{"line":73,"column":17},"end":{"line":73,"column":null}},"26":{"start":{"line":74,"column":21},"end":{"line":74,"column":null}},"27":{"start":{"line":75,"column":20},"end":{"line":75,"column":null}},"28":{"start":{"line":76,"column":4},"end":{"line":76,"column":null}},"29":{"start":{"line":79,"column":2},"end":{"line":81,"column":null}},"30":{"start":{"line":80,"column":4},"end":{"line":80,"column":null}},"31":{"start":{"line":83,"column":18},"end":{"line":83,"column":null}},"32":{"start":{"line":84,"column":19},"end":{"line":84,"column":null}},"33":{"start":{"line":85,"column":2},"end":{"line":85,"column":null}},"34":{"start":{"line":91,"column":2},"end":{"line":100,"column":null}},"35":{"start":{"line":92,"column":22},"end":{"line":92,"column":null}},"36":{"start":{"line":94,"column":4},"end":{"line":96,"column":null}},"37":{"start":{"line":95,"column":6},"end":{"line":95,"column":null}},"38":{"start":{"line":98,"column":18},"end":{"line":98,"column":null}},"39":{"start":{"line":99,"column":4},"end":{"line":99,"column":null}}},"fnMap":{"0":{"name":"flockingCore","decl":{"start":{"line":28,"column":9},"end":{"line":28,"column":22}},"loc":{"start":{"line":28,"column":53},"end":{"line":34,"column":null}},"line":28},"1":{"name":"alignement","decl":{"start":{"line":36,"column":9},"end":{"line":36,"column":20}},"loc":{"start":{"line":36,"column":51},"end":{"line":46,"column":null}},"line":36},"2":{"name":"(anonymous_2)","decl":{"start":{"line":37,"column":24},"end":{"line":37,"column":null}},"loc":{"start":{"line":38,"column":16},"end":{"line":38,"column":null}},"line":38},"3":{"name":"cohesion","decl":{"start":{"line":48,"column":9},"end":{"line":48,"column":18}},"loc":{"start":{"line":48,"column":49},"end":{"line":58,"column":null}},"line":48},"4":{"name":"(anonymous_4)","decl":{"start":{"line":49,"column":24},"end":{"line":49,"column":null}},"loc":{"start":{"line":50,"column":16},"end":{"line":50,"column":null}},"line":50},"5":{"name":"separation","decl":{"start":{"line":60,"column":9},"end":{"line":60,"column":20}},"loc":{"start":{"line":60,"column":51},"end":{"line":86,"column":null}},"line":60},"6":{"name":"(anonymous_6)","decl":{"start":{"line":64,"column":24},"end":{"line":64,"column":32}},"loc":{"start":{"line":64,"column":43},"end":{"line":77,"column":5}},"line":64},"7":{"name":"requireNeighbors","decl":{"start":{"line":88,"column":9},"end":{"line":88,"column":null}},"loc":{"start":{"line":90,"column":12},"end":{"line":101,"column":null}},"line":90},"8":{"name":"(anonymous_8)","decl":{"start":{"line":91,"column":2},"end":{"line":91,"column":10}},"loc":{"start":{"line":91,"column":42},"end":{"line":100,"column":null}},"line":91}},"branchMap":{"0":{"loc":{"start":{"line":68,"column":4},"end":{"line":70,"column":null}},"type":"if","locations":[{"start":{"line":68,"column":4},"end":{"line":70,"column":null}},{"start":{},"end":{}}],"line":68},"1":{"loc":{"start":{"line":79,"column":2},"end":{"line":81,"column":null}},"type":"if","locations":[{"start":{"line":79,"column":2},"end":{"line":81,"column":null}},{"start":{},"end":{}}],"line":79},"2":{"loc":{"start":{"line":94,"column":4},"end":{"line":96,"column":null}},"type":"if","locations":[{"start":{"line":94,"column":4},"end":{"line":96,"column":null}},{"start":{},"end":{}}],"line":94}},"s":{"0":1,"1":1,"2":1,"3":1,"4":0,"5":12,"6":12,"7":12,"8":12,"9":12,"10":12,"11":8,"12":8,"13":8,"14":8,"15":8,"16":8,"17":8,"18":8,"19":8,"20":8,"21":8,"22":8,"23":0,"24":8,"25":8,"26":8,"27":8,"28":8,"29":8,"30":0,"31":8,"32":8,"33":8,"34":4,"35":28,"36":28,"37":0,"38":28,"39":28},"f":{"0":0,"1":12,"2":12,"3":8,"4":8,"5":8,"6":8,"7":4,"8":28},"b":{"0":[0,8],"1":[0,8],"2":[0,28]},"meta":{"lastBranch":3,"lastFunction":9,"lastStatement":40,"seen":{"s:23:24:23:Infinity":0,"s:24:34:24:Infinity":1,"s:25:32:25:Infinity":2,"s:26:34:26:Infinity":3,"f:28:9:28:22":0,"s:29:2:33:Infinity":4,"f:36:9:36:20":1,"s:37:14:40:Infinity":5,"f:37:24:37:Infinity":2,"s:38:16:38:Infinity":6,"s:42:18:42:Infinity":7,"s:43:18:43:Infinity":8,"s:44:19:44:Infinity":9,"s:45:2:45:Infinity":10,"f:48:9:48:18":3,"s:49:14:52:Infinity":11,"f:49:24:49:Infinity":4,"s:50:16:50:Infinity":12,"s:54:18:54:Infinity":13,"s:55:18:55:Infinity":14,"s:56:19:56:Infinity":15,"s:57:2:57:Infinity":16,"f:60:9:60:20":5,"s:61:16:61:Infinity":17,"s:62:14:62:Infinity":18,"s:64:14:77:Infinity":19,"f:64:24:64:32":6,"s:65:21:65:Infinity":20,"s:66:27:66:Infinity":21,"b:68:4:70:Infinity:undefined:undefined:undefined:undefined":0,"s:68:4:70:Infinity":22,"s:69:6:69:Infinity":23,"s:72:4:72:Infinity":24,"s:73:17:73:Infinity":25,"s:74:21:74:Infinity":26,"s:75:20:75:Infinity":27,"s:76:4:76:Infinity":28,"b:79:2:81:Infinity:undefined:undefined:undefined:undefined":1,"s:79:2:81:Infinity":29,"s:80:4:80:Infinity":30,"s:83:18:83:Infinity":31,"s:84:19:84:Infinity":32,"s:85:2:85:Infinity":33,"f:88:9:88:Infinity":7,"s:91:2:100:Infinity":34,"f:91:2:91:10":8,"s:92:22:92:Infinity":35,"b:94:4:96:Infinity:undefined:undefined:undefined:undefined":2,"s:94:4:96:Infinity":36,"s:95:6:95:Infinity":37,"s:98:18:98:Infinity":38,"s:99:4:99:Infinity":39},"fnNames":{}}}
,"/home/runner/work/lulas/lulas/src/behaviors/move.ts": {"path":"/home/runner/work/lulas/lulas/src/behaviors/move.ts","statementMap":{"0":{"start":{"line":6,"column":2},"end":{"line":12,"column":null}},"1":{"start":{"line":7,"column":16},"end":{"line":7,"column":null}},"2":{"start":{"line":8,"column":16},"end":{"line":8,"column":null}},"3":{"start":{"line":10,"column":4},"end":{"line":10,"column":null}},"4":{"start":{"line":11,"column":4},"end":{"line":11,"column":null}},"5":{"start":{"line":14,"column":2},"end":{"line":14,"column":null}},"6":{"start":{"line":15,"column":2},"end":{"line":15,"column":null}}},"fnMap":{"0":{"name":"move","decl":{"start":{"line":5,"column":16},"end":{"line":5,"column":21}},"loc":{"start":{"line":5,"column":33},"end":{"line":16,"column":null}},"line":5}},"branchMap":{"0":{"loc":{"start":{"line":6,"column":2},"end":{"line":12,"column":null}},"type":"if","locations":[{"start":{"line":6,"column":2},"end":{"line":12,"column":null}},{"start":{},"end":{}}],"line":6}},"s":{"0":4,"1":0,"2":0,"3":0,"4":0,"5":4,"6":4},"f":{"0":4},"b":{"0":[0,4]},"meta":{"lastBranch":1,"lastFunction":1,"lastStatement":7,"seen":{"f:5:16:5:21":0,"b:6:2:12:Infinity:undefined:undefined:undefined:undefined":0,"s:6:2:12:Infinity":0,"s:7:16:7:Infinity":1,"s:8:16:8:Infinity":2,"s:10:4:10:Infinity":3,"s:11:4:11:Infinity":4,"s:14:2:14:Infinity":5,"s:15:2:15:Infinity":6},"fnNames":{}}}
,"/home/runner/work/lulas/lulas/src/behaviors/roundMap.ts": {"path":"/home/runner/work/lulas/lulas/src/behaviors/roundMap.ts","statementMap":{"0":{"start":{"line":5,"column":2},"end":{"line":7,"column":null}},"1":{"start":{"line":6,"column":4},"end":{"line":6,"column":null}},"2":{"start":{"line":9,"column":2},"end":{"line":11,"column":null}},"3":{"start":{"line":10,"column":4},"end":{"line":10,"column":null}},"4":{"start":{"line":13,"column":2},"end":{"line":15,"column":null}},"5":{"start":{"line":14,"column":4},"end":{"line":14,"column":null}},"6":{"start":{"line":17,"column":2},"end":{"line":19,"column":null}},"7":{"start":{"line":18,"column":4},"end":{"line":18,"column":null}}},"fnMap":{"0":{"name":"roundMap","decl":{"start":{"line":4,"column":16},"end":{"line":4,"column":25}},"loc":{"start":{"line":4,"column":54},"end":{"line":20,"column":null}},"line":4}},"branchMap":{"0":{"loc":{"start":{"line":5,"column":2},"end":{"line":7,"column":null}},"type":"if","locations":[{"start":{"line":5,"column":2},"end":{"line":7,"column":null}},{"start":{},"end":{}}],"line":5},"1":{"loc":{"start":{"line":9,"column":2},"end":{"line":11,"column":null}},"type":"if","locations":[{"start":{"line":9,"column":2},"end":{"line":11,"column":null}},{"start":{},"end":{}}],"line":9},"2":{"loc":{"start":{"line":13,"column":2},"end":{"line":15,"column":null}},"type":"if","locations":[{"start":{"line":13,"column":2},"end":{"line":15,"column":null}},{"start":{},"end":{}}],"line":13},"3":{"loc":{"start":{"line":17,"column":2},"end":{"line":19,"column":null}},"type":"if","locations":[{"start":{"line":17,"column":2},"end":{"line":19,"column":null}},{"start":{},"end":{}}],"line":17}},"s":{"0":6,"1":2,"2":6,"3":2,"4":6,"5":2,"6":6,"7":2},"f":{"0":6},"b":{"0":[2,4],"1":[2,4],"2":[2,4],"3":[2,4]},"meta":{"lastBranch":4,"lastFunction":1,"lastStatement":8,"seen":{"f:4:16:4:25":0,"b:5:2:7:Infinity:undefined:undefined:undefined:undefined":0,"s:5:2:7:Infinity":0,"s:6:4:6:Infinity":1,"b:9:2:11:Infinity:undefined:undefined:undefined:undefined":1,"s:9:2:11:Infinity":2,"s:10:4:10:Infinity":3,"b:13:2:15:Infinity:undefined:undefined:undefined:undefined":2,"s:13:2:15:Infinity":4,"s:14:4:14:Infinity":5,"b:17:2:19:Infinity:undefined:undefined:undefined:undefined":3,"s:17:2:19:Infinity":6,"s:18:4:18:Infinity":7},"fnNames":{}}}
,"/home/runner/work/lulas/lulas/src/behaviors/solidBody.ts": {"path":"/home/runner/work/lulas/lulas/src/behaviors/solidBody.ts","statementMap":{"0":{"start":{"line":7,"column":20},"end":{"line":7,"column":null}},"1":{"start":{"line":9,"column":2},"end":{"line":17,"column":null}},"2":{"start":{"line":9,"column":15},"end":{"line":9,"column":18}},"3":{"start":{"line":10,"column":18},"end":{"line":10,"column":null}},"4":{"start":{"line":11,"column":24},"end":{"line":11,"column":null}},"5":{"start":{"line":12,"column":21},"end":{"line":12,"column":null}},"6":{"start":{"line":14,"column":4},"end":{"line":16,"column":null}},"7":{"start":{"line":15,"column":6},"end":{"line":15,"column":null}},"8":{"start":{"line":21,"column":21},"end":{"line":27,"column":null}},"9":{"start":{"line":29,"column":2},"end":{"line":29,"column":null}},"10":{"start":{"line":30,"column":2},"end":{"line":30,"column":null}},"11":{"start":{"line":31,"column":2},"end":{"line":31,"column":null}},"12":{"start":{"line":32,"column":2},"end":{"line":32,"column":null}},"13":{"start":{"line":34,"column":2},"end":{"line":34,"column":null}},"14":{"start":{"line":38,"column":17},"end":{"line":38,"column":null}},"15":{"start":{"line":39,"column":14},"end":{"line":39,"column":null}},"16":{"start":{"line":40,"column":2},"end":{"line":40,"column":null}},"17":{"start":{"line":41,"column":2},"end":{"line":41,"column":null}}},"fnMap":{"0":{"name":"solidBody","decl":{"start":{"line":6,"column":16},"end":{"line":6,"column":26}},"loc":{"start":{"line":6,"column":55},"end":{"line":18,"column":null}},"line":6},"1":{"name":"collide","decl":{"start":{"line":20,"column":9},"end":{"line":20,"column":17}},"loc":{"start":{"line":20,"column":55},"end":{"line":35,"column":null}},"line":20},"2":{"name":"collisionBrake_bounce","decl":{"start":{"line":37,"column":9},"end":{"line":37,"column":31}},"loc":{"start":{"line":37,"column":69},"end":{"line":42,"column":null}},"line":37}},"branchMap":{"0":{"loc":{"start":{"line":14,"column":4},"end":{"line":16,"column":null}},"type":"if","locations":[{"start":{"line":14,"column":4},"end":{"line":16,"column":null}},{"start":{},"end":{}}],"line":14}},"s":{"0":8,"1":8,"2":8,"3":4,"4":4,"5":4,"6":4,"7":4,"8":4,"9":4,"10":4,"11":4,"12":4,"13":4,"14":4,"15":4,"16":4,"17":4},"f":{"0":8,"1":4,"2":4},"b":{"0":[4,0]},"meta":{"lastBranch":1,"lastFunction":3,"lastStatement":18,"seen":{"f:6:16:6:26":0,"s:7:20:7:Infinity":0,"s:9:2:17:Infinity":1,"s:9:15:9:18":2,"s:10:18:10:Infinity":3,"s:11:24:11:Infinity":4,"s:12:21:12:Infinity":5,"b:14:4:16:Infinity:undefined:undefined:undefined:undefined":0,"s:14:4:16:Infinity":6,"s:15:6:15:Infinity":7,"f:20:9:20:17":1,"s:21:21:27:Infinity":8,"s:29:2:29:Infinity":9,"s:30:2:30:Infinity":10,"s:31:2:31:Infinity":11,"s:32:2:32:Infinity":12,"s:34:2:34:Infinity":13,"f:37:9:37:31":2,"s:38:17:38:Infinity":14,"s:39:14:39:Infinity":15,"s:40:2:40:Infinity":16,"s:41:2:41:Infinity":17},"fnNames":{}}}
,"/home/runner/work/lulas/lulas/test/assert.ts": {"path":"/home/runner/work/lulas/lulas/test/assert.ts","statementMap":{"0":{"start":{"line":9,"column":4},"end":{"line":9,"column":null}},"1":{"start":{"line":10,"column":4},"end":{"line":10,"column":null}},"2":{"start":{"line":15,"column":2},"end":{"line":15,"column":null}},"3":{"start":{"line":15,"column":14},"end":{"line":15,"column":null}},"4":{"start":{"line":19,"column":2},"end":{"line":19,"column":null}},"5":{"start":{"line":24,"column":2},"end":{"line":24,"column":null}},"6":{"start":{"line":28,"column":2},"end":{"line":28,"column":null}},"7":{"start":{"line":31,"column":0},"end":{"line":31,"column":null}},"8":{"start":{"line":32,"column":0},"end":{"line":32,"column":null}},"9":{"start":{"line":33,"column":0},"end":{"line":33,"column":null}},"10":{"start":{"line":34,"column":0},"end":{"line":34,"column":null}}},"fnMap":{"0":{"name":"constructor","decl":{"start":{"line":8,"column":2},"end":{"line":8,"column":14}},"loc":{"start":{"line":8,"column":32},"end":{"line":11,"column":null}},"line":8},"1":{"name":"assert","decl":{"start":{"line":14,"column":9},"end":{"line":14,"column":16}},"loc":{"start":{"line":14,"column":65},"end":{"line":16,"column":null}},"line":14},"2":{"name":"ok","decl":{"start":{"line":18,"column":16},"end":{"line":18,"column":19}},"loc":{"start":{"line":18,"column":68},"end":{"line":20,"column":null}},"line":18},"3":{"name":"equal","decl":{"start":{"line":23,"column":16},"end":{"line":23,"column":22}},"loc":{"start":{"line":23,"column":76},"end":{"line":25,"column":null}},"line":23},"4":{"name":"notEqual","decl":{"start":{"line":27,"column":16},"end":{"line":27,"column":25}},"loc":{"start":{"line":27,"column":79},"end":{"line":29,"column":null}},"line":27}},"branchMap":{"0":{"loc":{"start":{"line":9,"column":10},"end":{"line":9,"column":39}},"type":"binary-expr","locations":[{"start":{"line":9,"column":10},"end":{"line":9,"column":21}},{"start":{"line":9,"column":21},"end":{"line":9,"column":39}}],"line":9},"1":{"loc":{"start":{"line":15,"column":2},"end":{"line":15,"column":null}},"type":"if","locations":[{"start":{"line":15,"column":2},"end":{"line":15,"column":null}},{"start":{},"end":{}}],"line":15},"2":{"loc":{"start":{"line":24,"column":29},"end":{"line":24,"column":66}},"type":"binary-expr","locations":[{"start":{"line":24,"column":29},"end":{"line":24,"column":40}},{"start":{"line":24,"column":40},"end":{"line":24,"column":66}}],"line":24},"3":{"loc":{"start":{"line":28,"column":29},"end":{"line":28,"column":66}},"type":"binary-expr","locations":[{"start":{"line":28,"column":29},"end":{"line":28,"column":40}},{"start":{"line":28,"column":40},"end":{"line":28,"column":66}}],"line":28}},"s":{"0":0,"1":0,"2":140,"3":0,"4":24,"5":40,"6":8,"7":7,"8":7,"9":7,"10":7},"f":{"0":0,"1":140,"2":24,"3":40,"4":8},"b":{"0":[0,0],"1":[0,140],"2":[40,26],"3":[8,8]},"meta":{"lastBranch":4,"lastFunction":5,"lastStatement":11,"seen":{"f:8:2:8:14":0,"s:9:4:9:Infinity":0,"b:9:10:9:21:9:21:9:39":0,"s:10:4:10:Infinity":1,"f:14:9:14:16":1,"b:15:2:15:Infinity:undefined:undefined:undefined:undefined":1,"s:15:2:15:Infinity":2,"s:15:14:15:Infinity":3,"f:18:16:18:19":2,"s:19:2:19:Infinity":4,"f:23:16:23:22":3,"s:24:2:24:Infinity":5,"b:24:29:24:40:24:40:24:66":2,"f:27:16:27:25":4,"s:28:2:28:Infinity":6,"b:28:29:28:40:28:40:28:66":3,"s:31:0:31:Infinity":7,"s:32:0:32:Infinity":8,"s:33:0:33:Infinity":9,"s:34:0:34:Infinity":10},"fnNames":{}}}
,"/home/runner/work/lulas/lulas/test/assertions.ts": {"path":"/home/runner/work/lulas/lulas/test/assertions.ts","statementMap":{"0":{"start":{"line":9,"column":14},"end":{"line":9,"column":null}},"1":{"start":{"line":10,"column":14},"end":{"line":10,"column":null}},"2":{"start":{"line":11,"column":23},"end":{"line":11,"column":null}},"3":{"start":{"line":13,"column":2},"end":{"line":16,"column":null}},"4":{"start":{"line":14,"column":4},"end":{"line":14,"column":null}},"5":{"start":{"line":15,"column":4},"end":{"line":15,"column":null}},"6":{"start":{"line":18,"column":2},"end":{"line":18,"column":null}},"7":{"start":{"line":19,"column":2},"end":{"line":19,"column":null}},"8":{"start":{"line":28,"column":14},"end":{"line":28,"column":null}},"9":{"start":{"line":29,"column":14},"end":{"line":29,"column":null}},"10":{"start":{"line":30,"column":23},"end":{"line":30,"column":null}},"11":{"start":{"line":32,"column":2},"end":{"line":35,"column":null}},"12":{"start":{"line":33,"column":4},"end":{"line":33,"column":null}},"13":{"start":{"line":34,"column":4},"end":{"line":34,"column":null}},"14":{"start":{"line":37,"column":2},"end":{"line":37,"column":null}},"15":{"start":{"line":38,"column":2},"end":{"line":38,"column":null}}},"fnMap":{"0":{"name":"assertBetween","decl":{"start":{"line":3,"column":16},"end":{"line":3,"column":null}},"loc":{"start":{"line":8,"column":2},"end":{"line":20,"column":null}},"line":8},"1":{"name":"assertBetweenOrEqual","decl":{"start":{"line":22,"column":16},"end":{"line":22,"column":null}},"loc":{"start":{"line":27,"column":2},"end":{"line":39,"column":null}},"line":27}},"branchMap":{"0":{"loc":{"start":{"line":7,"column":2},"end":{"line":7,"column":null}},"type":"default-arg","locations":[{"start":{"line":7,"column":12},"end":{"line":7,"column":null}}],"line":7},"1":{"loc":{"start":{"line":13,"column":2},"end":{"line":16,"column":null}},"type":"if","locations":[{"start":{"line":13,"column":2},"end":{"line":16,"column":null}},{"start":{},"end":{}}],"line":13},"2":{"loc":{"start":{"line":26,"column":2},"end":{"line":26,"column":null}},"type":"default-arg","locations":[{"start":{"line":26,"column":12},"end":{"line":26,"column":null}}],"line":26},"3":{"loc":{"start":{"line":32,"column":2},"end":{"line":35,"column":null}},"type":"if","locations":[{"start":{"line":32,"column":2},"end":{"line":35,"column":null}},{"start":{},"end":{}}],"line":32}},"s":{"0":0,"1":0,"2":0,"3":0,"4":0,"5":0,"6":0,"7":0,"8":32,"9":32,"10":32,"11":32,"12":0,"13":0,"14":32,"15":32},"f":{"0":0,"1":32},"b":{"0":[0],"1":[0,0],"2":[32],"3":[0,32]},"meta":{"lastBranch":4,"lastFunction":2,"lastStatement":16,"seen":{"f:3:16:3:Infinity":0,"b:7:12:7:Infinity":0,"s:9:14:9:Infinity":0,"s:10:14:10:Infinity":1,"s:11:23:11:Infinity":2,"b:13:2:16:Infinity:undefined:undefined:undefined:undefined":1,"s:13:2:16:Infinity":3,"s:14:4:14:Infinity":4,"s:15:4:15:Infinity":5,"s:18:2:18:Infinity":6,"s:19:2:19:Infinity":7,"f:22:16:22:Infinity":1,"b:26:12:26:Infinity":2,"s:28:14:28:Infinity":8,"s:29:14:29:Infinity":9,"s:30:23:30:Infinity":10,"b:32:2:35:Infinity:undefined:undefined:undefined:undefined":3,"s:32:2:35:Infinity":11,"s:33:4:33:Infinity":12,"s:34:4:34:Infinity":13,"s:37:2:37:Infinity":14,"s:38:2:38:Infinity":15},"fnNames":{}}}
,"/home/runner/work/lulas/lulas/test/index.ts": {"path":"/home/runner/work/lulas/lulas/test/index.ts","statementMap":{"0":{"start":{"line":10,"column":29},"end":{"line":10,"column":null}},"1":{"start":{"line":23,"column":22},"end":{"line":23,"column":null}},"2":{"start":{"line":27,"column":16},"end":{"line":27,"column":null}},"3":{"start":{"line":28,"column":15},"end":{"line":28,"column":null}},"4":{"start":{"line":30,"column":2},"end":{"line":36,"column":null}},"5":{"start":{"line":31,"column":4},"end":{"line":33,"column":null}},"6":{"start":{"line":32,"column":6},"end":{"line":32,"column":null}},"7":{"start":{"line":32,"column":44},"end":{"line":32,"column":55}},"8":{"start":{"line":35,"column":4},"end":{"line":35,"column":null}}},"fnMap":{"0":{"name":"test","decl":{"start":{"line":18,"column":16},"end":{"line":18,"column":null}},"loc":{"start":{"line":22,"column":8},"end":{"line":37,"column":null}},"line":22},"1":{"name":"(anonymous_1)","decl":{"start":{"line":31,"column":10},"end":{"line":31,"column":19}},"loc":{"start":{"line":32,"column":6},"end":{"line":32,"column":null}},"line":32},"2":{"name":"(anonymous_2)","decl":{"start":{"line":32,"column":34},"end":{"line":32,"column":44}},"loc":{"start":{"line":32,"column":44},"end":{"line":32,"column":55}},"line":32},"3":{"name":"setFilename","decl":{"start":{"line":41,"column":16},"end":{"line":41,"column":28}},"loc":{"start":{"line":41,"column":71},"end":{"line":41,"column":null}},"line":41}},"branchMap":{"0":{"loc":{"start":{"line":27,"column":16},"end":{"line":27,"column":null}},"type":"cond-expr","locations":[{"start":{"line":27,"column":39},"end":{"line":27,"column":47}},{"start":{"line":27,"column":47},"end":{"line":27,"column":null}}],"line":27},"1":{"loc":{"start":{"line":28,"column":15},"end":{"line":28,"column":null}},"type":"cond-expr","locations":[{"start":{"line":28,"column":23},"end":{"line":28,"column":32}},{"start":{"line":28,"column":32},"end":{"line":28,"column":null}}],"line":28},"2":{"loc":{"start":{"line":30,"column":2},"end":{"line":36,"column":null}},"type":"if","locations":[{"start":{"line":30,"column":2},"end":{"line":36,"column":null}},{"start":{"line":34,"column":9},"end":{"line":36,"column":null}}],"line":30}},"s":{"0":8,"1":19,"2":19,"3":19,"4":19,"5":11,"6":48,"7":48,"8":8},"f":{"0":19,"1":48,"2":48,"3":8},"b":{"0":[11,8],"1":[11,8],"2":[11,8]},"meta":{"lastBranch":3,"lastFunction":4,"lastStatement":9,"seen":{"s:10:29:10:Infinity":0,"f:18:16:18:Infinity":0,"s:23:22:23:Infinity":1,"s:27:16:27:Infinity":2,"b:27:39:27:47:27:47:27:Infinity":0,"s:28:15:28:Infinity":3,"b:28:23:28:32:28:32:28:Infinity":1,"b:30:2:36:Infinity:34:9:36:Infinity":2,"s:30:2:36:Infinity":4,"s:31:4:33:Infinity":5,"f:31:10:31:19":1,"s:32:6:32:Infinity":6,"f:32:34:32:44":2,"s:32:44:32:55":7,"s:35:4:35:Infinity":8,"f:41:16:41:28":3},"fnNames":{}}}
,"/home/runner/work/lulas/lulas/test/test-duplicates.ts": {"path":"/home/runner/work/lulas/lulas/test/test-duplicates.ts","statementMap":{"0":{"start":{"line":5,"column":2},"end":{"line":11,"column":null}}},"fnMap":{"0":{"name":"createTestLulas","decl":{"start":{"line":4,"column":16},"end":{"line":4,"column":32}},"loc":{"start":{"line":4,"column":67},"end":{"line":12,"column":null}},"line":4}},"branchMap":{"0":{"loc":{"start":{"line":4,"column":32},"end":{"line":4,"column":67}},"type":"default-arg","locations":[{"start":{"line":4,"column":63},"end":{"line":4,"column":67}}],"line":4}},"s":{"0":51},"f":{"0":51},"b":{"0":[51]},"meta":{"lastBranch":1,"lastFunction":1,"lastStatement":1,"seen":{"f:4:16:4:32":0,"b:4:63:4:67":0,"s:5:2:11:Infinity":0},"fnNames":{}}}
}
